{"/Users/will/Documents/Projects/skill-skow-case-project/src/index.ts": {"path":"/Users/will/Documents/Projects/skill-skow-case-project/src/index.ts","statementMap":{"0":{"start":{"line":1,"column":0},"end":{"line":1,"column":30}},"1":{"start":{"line":2,"column":0},"end":{"line":2,"column":30}},"2":{"start":{"line":3,"column":0},"end":{"line":3,"column":46}},"3":{"start":{"line":4,"column":0},"end":{"line":4,"column":46}},"4":{"start":{"line":6,"column":12},"end":{"line":6,"column":21}},"5":{"start":{"line":10,"column":0},"end":{"line":10,"column":24}},"6":{"start":{"line":12,"column":0},"end":{"line":12,"column":13}},"7":{"start":{"line":13,"column":0},"end":{"line":13,"column":44}},"8":{"start":{"line":13,"column":12},"end":{"line":13,"column":41}},"9":{"start":{"line":13,"column":13},"end":{"line":13,"column":41}},"10":{"start":{"line":15,"column":13},"end":{"line":15,"column":46}},"11":{"start":{"line":17,"column":13},"end":{"line":19,"column":2}},"12":{"start":{"line":18,"column":2},"end":{"line":18,"column":43}}},"fnMap":{"0":{"name":"(anonymous_8)","decl":{"start":{"line":13,"column":1},"end":{"line":13,"column":10}},"loc":{"start":{"line":13,"column":12},"end":{"line":13,"column":41}}},"1":{"name":"(anonymous_9)","decl":{"start":{"line":13,"column":12},"end":{"line":13,"column":13}},"loc":{"start":{"line":13,"column":12},"end":{"line":13,"column":41}}},"2":{"name":"(anonymous_10)","decl":{"start":{"line":17,"column":39},"end":{"line":17,"column":42}},"loc":{"start":{"line":18,"column":2},"end":{"line":18,"column":43}}}},"branchMap":{"0":{"loc":{"start":{"line":15,"column":20},"end":{"line":15,"column":36}},"type":"binary-expr","locations":[{"start":{"line":15,"column":20},"end":{"line":15,"column":36}},{"start":{"line":15,"column":40},"end":{"line":15,"column":45}}]}},"s":{"0":1,"1":1,"2":1,"3":1,"4":1,"5":1,"6":1,"7":1,"8":1,"9":1,"10":1,"11":1,"12":1},"f":{"0":1,"1":1,"2":1},"b":{"0":[1,1]}}
,"/Users/will/Documents/Projects/skill-skow-case-project/src/middleware/error-middleware.ts": {"path":"/Users/will/Documents/Projects/skill-skow-case-project/src/middleware/error-middleware.ts","statementMap":{"0":{"start":{"line":2,"column":0},"end":{"line":2,"column":30}},"1":{"start":{"line":4,"column":38},"end":{"line":17,"column":1}},"2":{"start":{"line":10,"column":2},"end":{"line":15,"column":null}},"3":{"start":{"line":11,"column":4},"end":{"line":11,"column":45}},"4":{"start":{"line":14,"column":4},"end":{"line":14,"column":36}},"5":{"start":{"line":16,"column":2},"end":{"line":16,"column":9}},"6":{"start":{"line":4,"column":13},"end":{"line":4,"column":38}}},"fnMap":{"0":{"name":"(anonymous_1)","decl":{"start":{"line":4,"column":38},"end":{"line":4,"column":null}},"loc":{"start":{"line":9,"column":4},"end":{"line":17,"column":1}}}},"branchMap":{"0":{"loc":{"start":{"line":10,"column":2},"end":{"line":15,"column":null}},"type":"if","locations":[{"start":{"line":10,"column":2},"end":{"line":15,"column":null}},{"start":{"line":10,"column":2},"end":{"line":15,"column":null}}]}},"s":{"0":1,"1":1,"2":0,"3":0,"4":0,"5":0,"6":1},"f":{"0":0},"b":{"0":[0,0]}}
,"/Users/will/Documents/Projects/skill-skow-case-project/src/models/comment-model.ts": {"path":"/Users/will/Documents/Projects/skill-skow-case-project/src/models/comment-model.ts","statementMap":{"0":{"start":{"line":1,"column":0},"end":{"line":1,"column":44}},"1":{"start":{"line":2,"column":0},"end":{"line":2,"column":41}},"2":{"start":{"line":5,"column":22},"end":{"line":18,"column":null}},"3":{"start":{"line":21,"column":13},"end":{"line":21,"column":55}},"4":{"start":{"line":24,"column":17},"end":{"line":27,"column":4}},"5":{"start":{"line":29,"column":2},"end":{"line":29,"column":34}},"6":{"start":{"line":23,"column":0},"end":{"line":23,"column":16}}},"fnMap":{"0":{"name":"validateComment","decl":{"start":{"line":23,"column":16},"end":{"line":23,"column":31}},"loc":{"start":{"line":23,"column":57},"end":{"line":30,"column":1}}}},"branchMap":{},"s":{"0":1,"1":1,"2":1,"3":1,"4":0,"5":0,"6":1},"f":{"0":0},"b":{}}
,"/Users/will/Documents/Projects/skill-skow-case-project/src/models/post-model.ts": {"path":"/Users/will/Documents/Projects/skill-skow-case-project/src/models/post-model.ts","statementMap":{"0":{"start":{"line":1,"column":0},"end":{"line":1,"column":44}},"1":{"start":{"line":2,"column":0},"end":{"line":2,"column":41}},"2":{"start":{"line":8,"column":19},"end":{"line":42,"column":null}},"3":{"start":{"line":45,"column":13},"end":{"line":45,"column":46}},"4":{"start":{"line":48,"column":17},"end":{"line":61,"column":4}},"5":{"start":{"line":63,"column":2},"end":{"line":63,"column":31}},"6":{"start":{"line":47,"column":0},"end":{"line":47,"column":16}},"7":{"start":{"line":69,"column":17},"end":{"line":80,"column":4}},"8":{"start":{"line":82,"column":2},"end":{"line":82,"column":31}},"9":{"start":{"line":66,"column":0},"end":{"line":66,"column":16}}},"fnMap":{"0":{"name":"validatePost","decl":{"start":{"line":47,"column":16},"end":{"line":47,"column":28}},"loc":{"start":{"line":47,"column":48},"end":{"line":64,"column":1}}},"1":{"name":"validatePostForUpdate","decl":{"start":{"line":66,"column":16},"end":{"line":66,"column":37}},"loc":{"start":{"line":67,"column":27},"end":{"line":83,"column":1}}}},"branchMap":{},"s":{"0":1,"1":1,"2":1,"3":1,"4":1,"5":1,"6":1,"7":1,"8":1,"9":1},"f":{"0":1,"1":1},"b":{}}
,"/Users/will/Documents/Projects/skill-skow-case-project/src/routes/graphql/mutations/comment-mutation.ts": {"path":"/Users/will/Documents/Projects/skill-skow-case-project/src/routes/graphql/mutations/comment-mutation.ts","statementMap":{"0":{"start":{"line":1,"column":0},"end":{"line":1,"column":40}},"1":{"start":{"line":2,"column":0},"end":{"line":2,"column":50}},"2":{"start":{"line":3,"column":0},"end":{"line":3,"column":56}},"3":{"start":{"line":4,"column":0},"end":{"line":4,"column":76}},"4":{"start":{"line":6,"column":13},"end":{"line":34,"column":2}},"5":{"start":{"line":12,"column":39},"end":{"line":33,"column":null}},"6":{"start":{"line":13,"column":4},"end":{"line":32,"column":null}},"7":{"start":{"line":14,"column":19},"end":{"line":14,"column":51}},"8":{"start":{"line":16,"column":6},"end":{"line":20,"column":10}},"9":{"start":{"line":17,"column":8},"end":{"line":20,"column":10}},"10":{"start":{"line":22,"column":22},"end":{"line":22,"column":39}},"11":{"start":{"line":24,"column":21},"end":{"line":24,"column":41}},"12":{"start":{"line":26,"column":6},"end":{"line":26,"column":43}},"13":{"start":{"line":28,"column":6},"end":{"line":31,"column":8}}},"fnMap":{"0":{"name":"(anonymous_7)","decl":{"start":{"line":12,"column":11},"end":{"line":12,"column":18}},"loc":{"start":{"line":12,"column":39},"end":{"line":33,"column":null}}},"1":{"name":"(anonymous_8)","decl":{"start":{"line":12,"column":39},"end":{"line":12,"column":null}},"loc":{"start":{"line":12,"column":39},"end":{"line":33,"column":3}}}},"branchMap":{"0":{"loc":{"start":{"line":16,"column":6},"end":{"line":20,"column":10}},"type":"if","locations":[{"start":{"line":16,"column":6},"end":{"line":20,"column":10}},{"start":{"line":16,"column":6},"end":{"line":20,"column":10}}]}},"s":{"0":1,"1":1,"2":1,"3":1,"4":1,"5":0,"6":0,"7":0,"8":0,"9":0,"10":0,"11":0,"12":0,"13":0},"f":{"0":0,"1":0},"b":{"0":[0,0]}}
,"/Users/will/Documents/Projects/skill-skow-case-project/src/routes/graphql/query/comment-query.ts": {"path":"/Users/will/Documents/Projects/skill-skow-case-project/src/routes/graphql/query/comment-query.ts","statementMap":{"0":{"start":{"line":1,"column":0},"end":{"line":1,"column":79}},"1":{"start":{"line":2,"column":0},"end":{"line":2,"column":44}},"2":{"start":{"line":3,"column":0},"end":{"line":3,"column":82}},"3":{"start":{"line":4,"column":0},"end":{"line":4,"column":63}},"4":{"start":{"line":5,"column":0},"end":{"line":5,"column":56}},"5":{"start":{"line":6,"column":0},"end":{"line":6,"column":74}},"6":{"start":{"line":8,"column":21},"end":{"line":12,"column":2}},"7":{"start":{"line":11,"column":19},"end":{"line":11,"column":32}},"8":{"start":{"line":14,"column":13},"end":{"line":38,"column":2}},"9":{"start":{"line":17,"column":39},"end":{"line":37,"column":null}},"10":{"start":{"line":18,"column":4},"end":{"line":36,"column":null}},"11":{"start":{"line":19,"column":23},"end":{"line":21,"column":8}},"12":{"start":{"line":22,"column":34},"end":{"line":22,"column":45}},"13":{"start":{"line":23,"column":6},"end":{"line":28,"column":10}},"14":{"start":{"line":24,"column":8},"end":{"line":28,"column":10}},"15":{"start":{"line":30,"column":6},"end":{"line":30,"column":35}},"16":{"start":{"line":32,"column":6},"end":{"line":35,"column":8}}},"fnMap":{"0":{"name":"(anonymous_8)","decl":{"start":{"line":11,"column":13},"end":{"line":11,"column":16}},"loc":{"start":{"line":11,"column":19},"end":{"line":11,"column":32}}},"1":{"name":"(anonymous_9)","decl":{"start":{"line":17,"column":11},"end":{"line":17,"column":18}},"loc":{"start":{"line":17,"column":39},"end":{"line":37,"column":null}}},"2":{"name":"(anonymous_10)","decl":{"start":{"line":17,"column":39},"end":{"line":17,"column":null}},"loc":{"start":{"line":17,"column":39},"end":{"line":37,"column":3}}}},"branchMap":{"0":{"loc":{"start":{"line":23,"column":6},"end":{"line":28,"column":10}},"type":"if","locations":[{"start":{"line":23,"column":6},"end":{"line":28,"column":10}},{"start":{"line":23,"column":6},"end":{"line":28,"column":10}}]}},"s":{"0":1,"1":1,"2":1,"3":1,"4":1,"5":1,"6":1,"7":0,"8":1,"9":0,"10":0,"11":0,"12":0,"13":0,"14":0,"15":0,"16":0},"f":{"0":0,"1":0,"2":0},"b":{"0":[0,0]}}
,"/Users/will/Documents/Projects/skill-skow-case-project/src/routes/graphql/schema/index.ts": {"path":"/Users/will/Documents/Projects/skill-skow-case-project/src/routes/graphql/schema/index.ts","statementMap":{"0":{"start":{"line":1,"column":0},"end":{"line":1,"column":64}},"1":{"start":{"line":2,"column":0},"end":{"line":2,"column":55}},"2":{"start":{"line":3,"column":0},"end":{"line":3,"column":59}},"3":{"start":{"line":5,"column":13},"end":{"line":18,"column":3}}},"fnMap":{},"branchMap":{},"s":{"0":1,"1":1,"2":1,"3":1},"f":{},"b":{}}
,"/Users/will/Documents/Projects/skill-skow-case-project/src/routes/graphql/type-definitions/comment-definition.ts": {"path":"/Users/will/Documents/Projects/skill-skow-case-project/src/routes/graphql/type-definitions/comment-definition.ts","statementMap":{"0":{"start":{"line":1,"column":0},"end":{"line":1,"column":86}},"1":{"start":{"line":2,"column":0},"end":{"line":2,"column":59}},"2":{"start":{"line":4,"column":13},"end":{"line":11,"column":3}},"3":{"start":{"line":6,"column":16},"end":{"line":9,"column":null}},"4":{"start":{"line":13,"column":13},"end":{"line":16,"column":3}},"5":{"start":{"line":15,"column":16},"end":{"line":15,"column":31}}},"fnMap":{"0":{"name":"(anonymous_0)","decl":{"start":{"line":6,"column":10},"end":{"line":6,"column":13}},"loc":{"start":{"line":6,"column":16},"end":{"line":9,"column":null}}},"1":{"name":"(anonymous_1)","decl":{"start":{"line":15,"column":10},"end":{"line":15,"column":13}},"loc":{"start":{"line":15,"column":16},"end":{"line":15,"column":31}}}},"branchMap":{},"s":{"0":1,"1":1,"2":1,"3":1,"4":1,"5":1},"f":{"0":1,"1":1},"b":{}}
,"/Users/will/Documents/Projects/skill-skow-case-project/src/routes/rest/post-route.ts": {"path":"/Users/will/Documents/Projects/skill-skow-case-project/src/routes/rest/post-route.ts","statementMap":{"0":{"start":{"line":1,"column":0},"end":{"line":1,"column":null}},"1":{"start":{"line":6,"column":0},"end":{"line":6,"column":70}},"2":{"start":{"line":7,"column":0},"end":{"line":7,"column":null}},"3":{"start":{"line":10,"column":0},"end":{"line":10,"column":68}},"4":{"start":{"line":11,"column":0},"end":{"line":11,"column":52}},"5":{"start":{"line":13,"column":15},"end":{"line":13,"column":23}},"6":{"start":{"line":15,"column":0},"end":{"line":35,"column":3}},"7":{"start":{"line":15,"column":54},"end":{"line":35,"column":2}},"8":{"start":{"line":16,"column":13},"end":{"line":24,"column":null}},"9":{"start":{"line":27,"column":19},"end":{"line":27,"column":74}},"10":{"start":{"line":28,"column":38},"end":{"line":28,"column":49}},"11":{"start":{"line":29,"column":2},"end":{"line":32,"column":62}},"12":{"start":{"line":30,"column":4},"end":{"line":32,"column":62}},"13":{"start":{"line":34,"column":2},"end":{"line":34,"column":24}},"14":{"start":{"line":37,"column":0},"end":{"line":50,"column":3}},"15":{"start":{"line":37,"column":57},"end":{"line":50,"column":2}},"16":{"start":{"line":38,"column":15},"end":{"line":38,"column":68}},"17":{"start":{"line":40,"column":2},"end":{"line":45,"column":8}},"18":{"start":{"line":41,"column":4},"end":{"line":45,"column":8}},"19":{"start":{"line":49,"column":2},"end":{"line":49,"column":24}},"20":{"start":{"line":52,"column":0},"end":{"line":74,"column":3}},"21":{"start":{"line":52,"column":58},"end":{"line":74,"column":2}},"22":{"start":{"line":53,"column":16},"end":{"line":53,"column":33}},"23":{"start":{"line":55,"column":2},"end":{"line":55,"column":70}},"24":{"start":{"line":55,"column":13},"end":{"line":55,"column":70}},"25":{"start":{"line":57,"column":2},"end":{"line":57,"column":40}},"26":{"start":{"line":57,"column":20},"end":{"line":57,"column":40}},"27":{"start":{"line":58,"column":2},"end":{"line":58,"column":42}},"28":{"start":{"line":58,"column":21},"end":{"line":58,"column":42}},"29":{"start":{"line":62,"column":20},"end":{"line":62,"column":42}},"30":{"start":{"line":64,"column":2},"end":{"line":64,"column":67}},"31":{"start":{"line":64,"column":13},"end":{"line":64,"column":67}},"32":{"start":{"line":66,"column":15},"end":{"line":68,"column":null}},"33":{"start":{"line":71,"column":17},"end":{"line":71,"column":34}},"34":{"start":{"line":73,"column":2},"end":{"line":73,"column":26}},"35":{"start":{"line":76,"column":0},"end":{"line":98,"column":3}},"36":{"start":{"line":76,"column":64},"end":{"line":98,"column":2}},"37":{"start":{"line":77,"column":16},"end":{"line":77,"column":33}},"38":{"start":{"line":79,"column":2},"end":{"line":79,"column":70}},"39":{"start":{"line":79,"column":13},"end":{"line":79,"column":70}},"40":{"start":{"line":81,"column":15},"end":{"line":81,"column":49}},"41":{"start":{"line":82,"column":2},"end":{"line":85,"column":68}},"42":{"start":{"line":83,"column":4},"end":{"line":85,"column":68}},"43":{"start":{"line":87,"column":2},"end":{"line":87,"column":40}},"44":{"start":{"line":87,"column":20},"end":{"line":87,"column":40}},"45":{"start":{"line":89,"column":20},"end":{"line":89,"column":51}},"46":{"start":{"line":91,"column":2},"end":{"line":91,"column":67}},"47":{"start":{"line":91,"column":13},"end":{"line":91,"column":67}},"48":{"start":{"line":93,"column":17},"end":{"line":95,"column":4}},"49":{"start":{"line":97,"column":2},"end":{"line":97,"column":26}},"50":{"start":{"line":100,"column":0},"end":{"line":114,"column":3}},"51":{"start":{"line":100,"column":67},"end":{"line":114,"column":2}},"52":{"start":{"line":101,"column":2},"end":{"line":101,"column":80}},"53":{"start":{"line":101,"column":22},"end":{"line":101,"column":80}},"54":{"start":{"line":105,"column":13},"end":{"line":105,"column":56}},"55":{"start":{"line":107,"column":2},"end":{"line":113,"column":null}},"56":{"start":{"line":108,"column":4},"end":{"line":108,"column":80}},"57":{"start":{"line":112,"column":4},"end":{"line":112,"column":19}},"58":{"start":{"line":116,"column":13},"end":{"line":116,"column":32}}},"fnMap":{"0":{"name":"(anonymous_8)","decl":{"start":{"line":15,"column":16},"end":{"line":15,"column":23}},"loc":{"start":{"line":15,"column":54},"end":{"line":35,"column":2}}},"1":{"name":"(anonymous_9)","decl":{"start":{"line":15,"column":54},"end":{"line":15,"column":null}},"loc":{"start":{"line":15,"column":54},"end":{"line":35,"column":1}}},"2":{"name":"(anonymous_10)","decl":{"start":{"line":37,"column":19},"end":{"line":37,"column":26}},"loc":{"start":{"line":37,"column":57},"end":{"line":50,"column":2}}},"3":{"name":"(anonymous_11)","decl":{"start":{"line":37,"column":57},"end":{"line":37,"column":null}},"loc":{"start":{"line":37,"column":57},"end":{"line":50,"column":1}}},"4":{"name":"(anonymous_12)","decl":{"start":{"line":52,"column":20},"end":{"line":52,"column":27}},"loc":{"start":{"line":52,"column":58},"end":{"line":74,"column":2}}},"5":{"name":"(anonymous_13)","decl":{"start":{"line":52,"column":58},"end":{"line":52,"column":null}},"loc":{"start":{"line":52,"column":58},"end":{"line":74,"column":1}}},"6":{"name":"(anonymous_14)","decl":{"start":{"line":76,"column":26},"end":{"line":76,"column":33}},"loc":{"start":{"line":76,"column":64},"end":{"line":98,"column":2}}},"7":{"name":"(anonymous_15)","decl":{"start":{"line":76,"column":64},"end":{"line":76,"column":null}},"loc":{"start":{"line":76,"column":64},"end":{"line":98,"column":1}}},"8":{"name":"(anonymous_16)","decl":{"start":{"line":100,"column":29},"end":{"line":100,"column":36}},"loc":{"start":{"line":100,"column":67},"end":{"line":114,"column":2}}},"9":{"name":"(anonymous_17)","decl":{"start":{"line":100,"column":67},"end":{"line":100,"column":null}},"loc":{"start":{"line":100,"column":67},"end":{"line":114,"column":1}}}},"branchMap":{"0":{"loc":{"start":{"line":17,"column":50},"end":{"line":17,"column":54}},"type":"cond-expr","locations":[{"start":{"line":17,"column":50},"end":{"line":17,"column":54}},{"start":{"line":17,"column":57},"end":{"line":17,"column":62}}]},"1":{"loc":{"start":{"line":22,"column":8},"end":{"line":22,"column":33}},"type":"binary-expr","locations":[{"start":{"line":22,"column":8},"end":{"line":22,"column":33}},{"start":{"line":22,"column":37},"end":{"line":24,"column":6}}]},"2":{"loc":{"start":{"line":22,"column":18},"end":{"line":22,"column":20}},"type":"cond-expr","locations":[{"start":{"line":22,"column":18},"end":{"line":22,"column":20}},{"start":{"line":22,"column":18},"end":{"line":22,"column":33}}]},"3":{"loc":{"start":{"line":22,"column":8},"end":{"line":22,"column":20}},"type":"binary-expr","locations":[{"start":{"line":22,"column":8},"end":{"line":22,"column":20}},{"start":{"line":22,"column":18},"end":{"line":22,"column":20}}]},"4":{"loc":{"start":{"line":22,"column":11},"end":{"line":22,"column":13}},"type":"cond-expr","locations":[{"start":{"line":22,"column":11},"end":{"line":22,"column":13}},{"start":{"line":22,"column":8},"end":{"line":22,"column":18}}]},"5":{"loc":{"start":{"line":22,"column":8},"end":{"line":22,"column":13}},"type":"binary-expr","locations":[{"start":{"line":22,"column":8},"end":{"line":22,"column":13}},{"start":{"line":22,"column":8},"end":{"line":22,"column":13}}]},"6":{"loc":{"start":{"line":29,"column":2},"end":{"line":32,"column":62}},"type":"if","locations":[{"start":{"line":29,"column":2},"end":{"line":32,"column":62}},{"start":{"line":29,"column":2},"end":{"line":32,"column":62}}]},"7":{"loc":{"start":{"line":40,"column":2},"end":{"line":45,"column":8}},"type":"if","locations":[{"start":{"line":40,"column":2},"end":{"line":45,"column":8}},{"start":{"line":40,"column":2},"end":{"line":45,"column":8}}]},"8":{"loc":{"start":{"line":55,"column":2},"end":{"line":55,"column":70}},"type":"if","locations":[{"start":{"line":55,"column":2},"end":{"line":55,"column":70}},{"start":{"line":55,"column":2},"end":{"line":55,"column":70}}]},"9":{"loc":{"start":{"line":57,"column":2},"end":{"line":57,"column":40}},"type":"if","locations":[{"start":{"line":57,"column":2},"end":{"line":57,"column":40}},{"start":{"line":57,"column":2},"end":{"line":57,"column":40}}]},"10":{"loc":{"start":{"line":58,"column":2},"end":{"line":58,"column":42}},"type":"if","locations":[{"start":{"line":58,"column":2},"end":{"line":58,"column":42}},{"start":{"line":58,"column":2},"end":{"line":58,"column":42}}]},"11":{"loc":{"start":{"line":64,"column":2},"end":{"line":64,"column":67}},"type":"if","locations":[{"start":{"line":64,"column":2},"end":{"line":64,"column":67}},{"start":{"line":64,"column":2},"end":{"line":64,"column":67}}]},"12":{"loc":{"start":{"line":79,"column":2},"end":{"line":79,"column":70}},"type":"if","locations":[{"start":{"line":79,"column":2},"end":{"line":79,"column":70}},{"start":{"line":79,"column":2},"end":{"line":79,"column":70}}]},"13":{"loc":{"start":{"line":82,"column":2},"end":{"line":85,"column":68}},"type":"if","locations":[{"start":{"line":82,"column":2},"end":{"line":85,"column":68}},{"start":{"line":82,"column":2},"end":{"line":85,"column":68}}]},"14":{"loc":{"start":{"line":87,"column":2},"end":{"line":87,"column":40}},"type":"if","locations":[{"start":{"line":87,"column":2},"end":{"line":87,"column":40}},{"start":{"line":87,"column":2},"end":{"line":87,"column":40}}]},"15":{"loc":{"start":{"line":91,"column":2},"end":{"line":91,"column":67}},"type":"if","locations":[{"start":{"line":91,"column":2},"end":{"line":91,"column":67}},{"start":{"line":91,"column":2},"end":{"line":91,"column":67}}]},"16":{"loc":{"start":{"line":101,"column":2},"end":{"line":101,"column":80}},"type":"if","locations":[{"start":{"line":101,"column":2},"end":{"line":101,"column":80}},{"start":{"line":101,"column":2},"end":{"line":101,"column":80}}]},"17":{"loc":{"start":{"line":107,"column":2},"end":{"line":113,"column":null}},"type":"if","locations":[{"start":{"line":107,"column":2},"end":{"line":113,"column":null}},{"start":{"line":107,"column":2},"end":{"line":113,"column":null}}]}},"s":{"0":1,"1":1,"2":1,"3":1,"4":1,"5":1,"6":1,"7":2,"8":2,"9":2,"10":2,"11":2,"12":1,"13":1,"14":1,"15":2,"16":2,"17":2,"18":1,"19":1,"20":1,"21":2,"22":2,"23":2,"24":1,"25":1,"26":0,"27":1,"28":1,"29":1,"30":1,"31":0,"32":1,"33":1,"34":1,"35":1,"36":1,"37":1,"38":1,"39":0,"40":1,"41":1,"42":0,"43":1,"44":0,"45":1,"46":1,"47":0,"48":1,"49":1,"50":1,"51":2,"52":2,"53":0,"54":2,"55":2,"56":1,"57":1,"58":1},"f":{"0":2,"1":2,"2":2,"3":2,"4":2,"5":2,"6":1,"7":1,"8":2,"9":2},"b":{"0":[1,1],"1":[2,1],"2":[0,2],"3":[2,2],"4":[0,2],"5":[2,2],"6":[1,1],"7":[1,1],"8":[1,1],"9":[0,1],"10":[1,0],"11":[0,1],"12":[0,1],"13":[0,1],"14":[0,1],"15":[0,1],"16":[0,2],"17":[1,1]}}
,"/Users/will/Documents/Projects/skill-skow-case-project/src/startup/config.ts": {"path":"/Users/will/Documents/Projects/skill-skow-case-project/src/startup/config.ts","statementMap":{"0":{"start":{"line":1,"column":0},"end":{"line":1,"column":28}},"1":{"start":{"line":4,"column":2},"end":{"line":6,"column":null}},"2":{"start":{"line":5,"column":4},"end":{"line":5,"column":55}},"3":{"start":{"line":8,"column":2},"end":{"line":10,"column":null}},"4":{"start":{"line":9,"column":4},"end":{"line":9,"column":61}},"5":{"start":{"line":3,"column":0},"end":{"line":3,"column":16}}},"fnMap":{"0":{"name":"initConfig","decl":{"start":{"line":3,"column":16},"end":{"line":3,"column":26}},"loc":{"start":{"line":3,"column":26},"end":{"line":11,"column":1}}}},"branchMap":{"0":{"loc":{"start":{"line":4,"column":2},"end":{"line":6,"column":null}},"type":"if","locations":[{"start":{"line":4,"column":2},"end":{"line":6,"column":null}},{"start":{"line":4,"column":2},"end":{"line":6,"column":null}}]},"1":{"loc":{"start":{"line":8,"column":2},"end":{"line":10,"column":null}},"type":"if","locations":[{"start":{"line":8,"column":2},"end":{"line":10,"column":null}},{"start":{"line":8,"column":2},"end":{"line":10,"column":null}}]}},"s":{"0":1,"1":1,"2":0,"3":1,"4":0,"5":1},"f":{"0":1},"b":{"0":[0,1],"1":[0,1]}}
,"/Users/will/Documents/Projects/skill-skow-case-project/src/startup/db.ts": {"path":"/Users/will/Documents/Projects/skill-skow-case-project/src/startup/db.ts","statementMap":{"0":{"start":{"line":2,"column":0},"end":{"line":2,"column":28}},"1":{"start":{"line":3,"column":0},"end":{"line":3,"column":32}},"2":{"start":{"line":4,"column":0},"end":{"line":4,"column":30}},"3":{"start":{"line":6,"column":13},"end":{"line":34,"column":2}},"4":{"start":{"line":7,"column":34},"end":{"line":29,"column":null}},"5":{"start":{"line":8,"column":23},"end":{"line":8,"column":39}},"6":{"start":{"line":9,"column":4},"end":{"line":9,"column":31}},"7":{"start":{"line":10,"column":4},"end":{"line":28,"column":null}},"8":{"start":{"line":11,"column":24},"end":{"line":17,"column":8}},"9":{"start":{"line":19,"column":6},"end":{"line":23,"column":null}},"10":{"start":{"line":20,"column":8},"end":{"line":20,"column":42}},"11":{"start":{"line":22,"column":8},"end":{"line":22,"column":18}},"12":{"start":{"line":25,"column":6},"end":{"line":25,"column":48}},"13":{"start":{"line":26,"column":6},"end":{"line":26,"column":22}},"14":{"start":{"line":27,"column":6},"end":{"line":27,"column":22}},"15":{"start":{"line":31,"column":25},"end":{"line":33,"column":null}},"16":{"start":{"line":32,"column":4},"end":{"line":32,"column":42}}},"fnMap":{"0":{"name":"(anonymous_8)","decl":{"start":{"line":7,"column":11},"end":{"line":7,"column":18}},"loc":{"start":{"line":7,"column":34},"end":{"line":29,"column":null}}},"1":{"name":"(anonymous_9)","decl":{"start":{"line":7,"column":34},"end":{"line":7,"column":null}},"loc":{"start":{"line":7,"column":34},"end":{"line":29,"column":3}}},"2":{"name":"(anonymous_10)","decl":{"start":{"line":31,"column":14},"end":{"line":31,"column":23}},"loc":{"start":{"line":31,"column":25},"end":{"line":33,"column":null}}},"3":{"name":"(anonymous_11)","decl":{"start":{"line":31,"column":25},"end":{"line":31,"column":null}},"loc":{"start":{"line":31,"column":25},"end":{"line":33,"column":3}}}},"branchMap":{"0":{"loc":{"start":{"line":19,"column":6},"end":{"line":23,"column":null}},"type":"if","locations":[{"start":{"line":19,"column":6},"end":{"line":23,"column":null}},{"start":{"line":19,"column":6},"end":{"line":23,"column":null}}]}},"s":{"0":1,"1":1,"2":1,"3":1,"4":2,"5":2,"6":2,"7":2,"8":2,"9":2,"10":2,"11":2,"12":0,"13":0,"14":0,"15":1,"16":1},"f":{"0":2,"1":2,"2":1,"3":1},"b":{"0":[2,0]}}
,"/Users/will/Documents/Projects/skill-skow-case-project/src/startup/init.ts": {"path":"/Users/will/Documents/Projects/skill-skow-case-project/src/startup/init.ts","statementMap":{"0":{"start":{"line":2,"column":0},"end":{"line":2,"column":28}},"1":{"start":{"line":3,"column":0},"end":{"line":3,"column":38}},"2":{"start":{"line":4,"column":0},"end":{"line":4,"column":22}},"3":{"start":{"line":5,"column":0},"end":{"line":5,"column":24}},"4":{"start":{"line":6,"column":0},"end":{"line":6,"column":46}},"5":{"start":{"line":7,"column":0},"end":{"line":7,"column":34}},"6":{"start":{"line":8,"column":0},"end":{"line":8,"column":56}},"7":{"start":{"line":9,"column":0},"end":{"line":9,"column":44}},"8":{"start":{"line":12,"column":0},"end":{"line":12,"column":36}},"9":{"start":{"line":18,"column":2},"end":{"line":24,"column":4}},"10":{"start":{"line":26,"column":2},"end":{"line":26,"column":18}},"11":{"start":{"line":28,"column":2},"end":{"line":28,"column":16}},"12":{"start":{"line":29,"column":2},"end":{"line":29,"column":11}},"13":{"start":{"line":30,"column":2},"end":{"line":30,"column":14}},"14":{"start":{"line":34,"column":2},"end":{"line":34,"column":20}},"15":{"start":{"line":35,"column":2},"end":{"line":35,"column":25}},"16":{"start":{"line":37,"column":2},"end":{"line":41,"column":5}},"17":{"start":{"line":38,"column":4},"end":{"line":40,"column":76}},"18":{"start":{"line":15,"column":0},"end":{"line":15,"column":16}}},"fnMap":{"0":{"name":"init","decl":{"start":{"line":15,"column":16},"end":{"line":15,"column":20}},"loc":{"start":{"line":15,"column":33},"end":{"line":42,"column":1}}},"1":{"name":"(anonymous_2)","decl":{"start":{"line":37,"column":15},"end":{"line":37,"column":25}},"loc":{"start":{"line":37,"column":41},"end":{"line":41,"column":3}}}},"branchMap":{},"s":{"0":1,"1":1,"2":1,"3":1,"4":1,"5":1,"6":1,"7":1,"8":1,"9":2,"10":2,"11":2,"12":2,"13":2,"14":2,"15":2,"16":2,"17":0,"18":1},"f":{"0":2,"1":0},"b":{}}
,"/Users/will/Documents/Projects/skill-skow-case-project/src/startup/logging.ts": {"path":"/Users/will/Documents/Projects/skill-skow-case-project/src/startup/logging.ts","statementMap":{"0":{"start":{"line":1,"column":0},"end":{"line":1,"column":28}},"1":{"start":{"line":2,"column":0},"end":{"line":2,"column":30}},"2":{"start":{"line":3,"column":0},"end":{"line":3,"column":25}},"3":{"start":{"line":5,"column":22},"end":{"line":28,"column":1}},"4":{"start":{"line":6,"column":2},"end":{"line":11,"column":4}},"5":{"start":{"line":13,"column":2},"end":{"line":19,"column":5}},"6":{"start":{"line":14,"column":4},"end":{"line":18,"column":null}},"7":{"start":{"line":15,"column":6},"end":{"line":15,"column":24}},"8":{"start":{"line":17,"column":6},"end":{"line":17,"column":15}},"9":{"start":{"line":21,"column":2},"end":{"line":27,"column":5}},"10":{"start":{"line":22,"column":4},"end":{"line":26,"column":null}},"11":{"start":{"line":23,"column":6},"end":{"line":23,"column":24}},"12":{"start":{"line":25,"column":6},"end":{"line":25,"column":15}},"13":{"start":{"line":5,"column":13},"end":{"line":5,"column":22}}},"fnMap":{"0":{"name":"(anonymous_1)","decl":{"start":{"line":5,"column":22},"end":{"line":5,"column":25}},"loc":{"start":{"line":5,"column":27},"end":{"line":28,"column":1}}},"1":{"name":"(anonymous_2)","decl":{"start":{"line":13,"column":34},"end":{"line":13,"column":35}},"loc":{"start":{"line":13,"column":41},"end":{"line":19,"column":3}}},"2":{"name":"(anonymous_3)","decl":{"start":{"line":21,"column":35},"end":{"line":21,"column":36}},"loc":{"start":{"line":21,"column":42},"end":{"line":27,"column":3}}}},"branchMap":{"0":{"loc":{"start":{"line":14,"column":4},"end":{"line":18,"column":null}},"type":"if","locations":[{"start":{"line":14,"column":4},"end":{"line":18,"column":null}},{"start":{"line":14,"column":4},"end":{"line":18,"column":null}}]},"1":{"loc":{"start":{"line":22,"column":4},"end":{"line":26,"column":null}},"type":"if","locations":[{"start":{"line":22,"column":4},"end":{"line":26,"column":null}},{"start":{"line":22,"column":4},"end":{"line":26,"column":null}}]}},"s":{"0":1,"1":1,"2":1,"3":1,"4":2,"5":2,"6":0,"7":0,"8":0,"9":2,"10":0,"11":0,"12":0,"13":1},"f":{"0":2,"1":0,"2":0},"b":{"0":[0,0],"1":[0,0]}}
,"/Users/will/Documents/Projects/skill-skow-case-project/src/startup/routes.ts": {"path":"/Users/will/Documents/Projects/skill-skow-case-project/src/startup/routes.ts","statementMap":{"0":{"start":{"line":1,"column":0},"end":{"line":1,"column":74}},"1":{"start":{"line":3,"column":0},"end":{"line":3,"column":54}},"2":{"start":{"line":5,"column":22},"end":{"line":9,"column":2}},"3":{"start":{"line":5,"column":45},"end":{"line":9,"column":2}},"4":{"start":{"line":6,"column":2},"end":{"line":6,"column":34}},"5":{"start":{"line":8,"column":2},"end":{"line":8,"column":34}},"6":{"start":{"line":5,"column":13},"end":{"line":5,"column":22}}},"fnMap":{"0":{"name":"(anonymous_7)","decl":{"start":{"line":5,"column":22},"end":{"line":5,"column":29}},"loc":{"start":{"line":5,"column":45},"end":{"line":9,"column":2}}},"1":{"name":"(anonymous_8)","decl":{"start":{"line":5,"column":45},"end":{"line":5,"column":null}},"loc":{"start":{"line":5,"column":45},"end":{"line":9,"column":1}}}},"branchMap":{},"s":{"0":1,"1":1,"2":1,"3":2,"4":2,"5":2,"6":1},"f":{"0":2,"1":2},"b":{}}
,"/Users/will/Documents/Projects/skill-skow-case-project/src/utils/functions/empty-object-function.ts": {"path":"/Users/will/Documents/Projects/skill-skow-case-project/src/utils/functions/empty-object-function.ts","statementMap":{"0":{"start":{"line":4,"column":2},"end":{"line":4,"column":72}},"1":{"start":{"line":3,"column":0},"end":{"line":3,"column":16}}},"fnMap":{"0":{"name":"isEmpty","decl":{"start":{"line":3,"column":16},"end":{"line":3,"column":23}},"loc":{"start":{"line":3,"column":35},"end":{"line":5,"column":1}}}},"branchMap":{"0":{"loc":{"start":{"line":4,"column":9},"end":{"line":4,"column":41}},"type":"binary-expr","locations":[{"start":{"line":4,"column":9},"end":{"line":4,"column":41}},{"start":{"line":4,"column":45},"end":{"line":4,"column":71}}]}},"s":{"0":3,"1":1},"f":{"0":3},"b":{"0":[3,1]}}
,"/Users/will/Documents/Projects/skill-skow-case-project/src/utils/functions/query-validator-function.ts": {"path":"/Users/will/Documents/Projects/skill-skow-case-project/src/utils/functions/query-validator-function.ts","statementMap":{"0":{"start":{"line":1,"column":0},"end":{"line":1,"column":22}},"1":{"start":{"line":2,"column":0},"end":{"line":2,"column":52}},"2":{"start":{"line":4,"column":36},"end":{"line":4,"column":54}},"3":{"start":{"line":5,"column":12},"end":{"line":11,"column":2}},"4":{"start":{"line":8,"column":30},"end":{"line":8,"column":35}},"5":{"start":{"line":10,"column":40},"end":{"line":10,"column":45}},"6":{"start":{"line":14,"column":2},"end":{"line":32,"column":null}},"7":{"start":{"line":17,"column":6},"end":{"line":17,"column":23}},"8":{"start":{"line":20,"column":6},"end":{"line":20,"column":31}},"9":{"start":{"line":22,"column":6},"end":{"line":22,"column":42}},"10":{"start":{"line":24,"column":6},"end":{"line":27,"column":13}},"11":{"start":{"line":25,"column":8},"end":{"line":25,"column":66}},"12":{"start":{"line":26,"column":8},"end":{"line":26,"column":27}},"13":{"start":{"line":29,"column":6},"end":{"line":29,"column":18}},"14":{"start":{"line":31,"column":6},"end":{"line":31,"column":70}},"15":{"start":{"line":35,"column":29},"end":{"line":48,"column":1}},"16":{"start":{"line":36,"column":17},"end":{"line":43,"column":4}},"17":{"start":{"line":45,"column":20},"end":{"line":45,"column":49}},"18":{"start":{"line":47,"column":2},"end":{"line":47,"column":30}},"19":{"start":{"line":35,"column":13},"end":{"line":35,"column":29}},"20":{"start":{"line":50,"column":13},"end":{"line":55,"column":2}}},"fnMap":{"0":{"name":"(anonymous_1)","decl":{"start":{"line":8,"column":14},"end":{"line":8,"column":15}},"loc":{"start":{"line":8,"column":30},"end":{"line":8,"column":35}}},"1":{"name":"(anonymous_2)","decl":{"start":{"line":10,"column":13},"end":{"line":10,"column":14}},"loc":{"start":{"line":10,"column":40},"end":{"line":10,"column":45}}},"2":{"name":"parseLiteral","decl":{"start":{"line":13,"column":9},"end":{"line":13,"column":21}},"loc":{"start":{"line":13,"column":30},"end":{"line":33,"column":1}}},"3":{"name":"(anonymous_4)","decl":{"start":{"line":24,"column":31},"end":{"line":24,"column":32}},"loc":{"start":{"line":24,"column":64},"end":{"line":27,"column":7}}},"4":{"name":"(anonymous_5)","decl":{"start":{"line":35,"column":29},"end":{"line":35,"column":30}},"loc":{"start":{"line":35,"column":51},"end":{"line":48,"column":1}}}},"branchMap":{"0":{"loc":{"start":{"line":15,"column":4},"end":{"line":15,"column":22}},"type":"switch","locations":[{"start":{"line":15,"column":4},"end":{"line":15,"column":22}},{"start":{"line":16,"column":4},"end":{"line":17,"column":23}},{"start":{"line":18,"column":4},"end":{"line":18,"column":18}},{"start":{"line":19,"column":4},"end":{"line":20,"column":31}},{"start":{"line":21,"column":4},"end":{"line":22,"column":42}},{"start":{"line":23,"column":4},"end":{"line":27,"column":13}},{"start":{"line":28,"column":4},"end":{"line":29,"column":18}},{"start":{"line":30,"column":4},"end":{"line":31,"column":70}}]},"1":{"loc":{"start":{"line":47,"column":17},"end":{"line":47,"column":22}},"type":"cond-expr","locations":[{"start":{"line":47,"column":17},"end":{"line":47,"column":22}},{"start":{"line":47,"column":25},"end":{"line":47,"column":29}}]}},"s":{"0":1,"1":1,"2":1,"3":1,"4":0,"5":0,"6":0,"7":0,"8":0,"9":0,"10":0,"11":0,"12":0,"13":0,"14":0,"15":1,"16":0,"17":0,"18":0,"19":1,"20":1},"f":{"0":0,"1":0,"2":0,"3":0,"4":0},"b":{"0":[0,0,0,0,0,0,0,0],"1":[0,0]}}
,"/Users/will/Documents/Projects/skill-skow-case-project/src/utils/functions/select-functions.ts": {"path":"/Users/will/Documents/Projects/skill-skow-case-project/src/utils/functions/select-functions.ts","statementMap":{"0":{"start":{"line":1,"column":13},"end":{"line":2,"column":59}},"1":{"start":{"line":4,"column":13},"end":{"line":4,"column":70}}},"fnMap":{},"branchMap":{},"s":{"0":1,"1":1},"f":{},"b":{}}
}
