TN:
SF:src/index.ts
FN:13,(anonymous_8)
FN:13,(anonymous_9)
FN:17,(anonymous_10)
FNF:3
FNH:3
FNDA:1,(anonymous_8)
FNDA:1,(anonymous_9)
FNDA:1,(anonymous_10)
DA:1,1
DA:2,1
DA:3,1
DA:4,1
DA:6,1
DA:10,1
DA:12,1
DA:13,1
DA:15,1
DA:17,1
DA:18,1
LF:11
LH:11
BRDA:15,0,0,1
BRDA:15,0,1,1
BRF:2
BRH:2
end_of_record
TN:
SF:src/middleware/error-middleware.ts
FN:4,(anonymous_1)
FNF:1
FNH:0
FNDA:0,(anonymous_1)
DA:2,1
DA:4,1
DA:10,0
DA:11,0
DA:14,0
DA:16,0
LF:6
LH:2
BRDA:10,0,0,0
BRDA:10,0,1,0
BRF:2
BRH:0
end_of_record
TN:
SF:src/models/comment-model.ts
FN:23,validateComment
FNF:1
FNH:0
FNDA:0,validateComment
DA:1,1
DA:2,1
DA:5,1
DA:21,1
DA:23,1
DA:24,0
DA:29,0
LF:7
LH:5
BRF:0
BRH:0
end_of_record
TN:
SF:src/models/post-model.ts
FN:47,validatePost
FN:66,validatePostForUpdate
FNF:2
FNH:2
FNDA:1,validatePost
FNDA:1,validatePostForUpdate
DA:1,1
DA:2,1
DA:8,1
DA:45,1
DA:47,1
DA:48,1
DA:63,1
DA:66,1
DA:69,1
DA:82,1
LF:10
LH:10
BRF:0
BRH:0
end_of_record
TN:
SF:src/routes/graphql/mutations/comment-mutation.ts
FN:12,(anonymous_7)
FN:12,(anonymous_8)
FNF:2
FNH:0
FNDA:0,(anonymous_7)
FNDA:0,(anonymous_8)
DA:1,1
DA:2,1
DA:3,1
DA:4,1
DA:6,1
DA:12,0
DA:13,0
DA:14,0
DA:16,0
DA:17,0
DA:22,0
DA:24,0
DA:26,0
DA:28,0
LF:14
LH:5
BRDA:16,0,0,0
BRDA:16,0,1,0
BRF:2
BRH:0
end_of_record
TN:
SF:src/routes/graphql/query/comment-query.ts
FN:11,(anonymous_8)
FN:17,(anonymous_9)
FN:17,(anonymous_10)
FNF:3
FNH:0
FNDA:0,(anonymous_8)
FNDA:0,(anonymous_9)
FNDA:0,(anonymous_10)
DA:1,1
DA:2,1
DA:3,1
DA:4,1
DA:5,1
DA:6,1
DA:8,1
DA:11,0
DA:14,1
DA:17,0
DA:18,0
DA:19,0
DA:22,0
DA:23,0
DA:24,0
DA:30,0
DA:32,0
LF:17
LH:8
BRDA:23,0,0,0
BRDA:23,0,1,0
BRF:2
BRH:0
end_of_record
TN:
SF:src/routes/graphql/schema/index.ts
FNF:0
FNH:0
DA:1,1
DA:2,1
DA:3,1
DA:5,1
LF:4
LH:4
BRF:0
BRH:0
end_of_record
TN:
SF:src/routes/graphql/type-definitions/comment-definition.ts
FN:6,(anonymous_0)
FN:15,(anonymous_1)
FNF:2
FNH:2
FNDA:1,(anonymous_0)
FNDA:1,(anonymous_1)
DA:1,1
DA:2,1
DA:4,1
DA:6,1
DA:13,1
DA:15,1
LF:6
LH:6
BRF:0
BRH:0
end_of_record
TN:
SF:src/routes/rest/post-route.ts
FN:15,(anonymous_8)
FN:15,(anonymous_9)
FN:37,(anonymous_10)
FN:37,(anonymous_11)
FN:52,(anonymous_12)
FN:52,(anonymous_13)
FN:76,(anonymous_14)
FN:76,(anonymous_15)
FN:100,(anonymous_16)
FN:100,(anonymous_17)
FNF:10
FNH:10
FNDA:2,(anonymous_8)
FNDA:2,(anonymous_9)
FNDA:2,(anonymous_10)
FNDA:2,(anonymous_11)
FNDA:2,(anonymous_12)
FNDA:2,(anonymous_13)
FNDA:1,(anonymous_14)
FNDA:1,(anonymous_15)
FNDA:2,(anonymous_16)
FNDA:2,(anonymous_17)
DA:1,1
DA:6,1
DA:7,1
DA:10,1
DA:11,1
DA:13,1
DA:15,2
DA:16,2
DA:27,2
DA:28,2
DA:29,2
DA:30,1
DA:34,1
DA:37,2
DA:38,2
DA:40,2
DA:41,1
DA:49,1
DA:52,2
DA:53,2
DA:55,2
DA:57,1
DA:58,1
DA:62,1
DA:64,1
DA:66,1
DA:71,1
DA:73,1
DA:76,1
DA:77,1
DA:79,1
DA:81,1
DA:82,1
DA:83,0
DA:87,1
DA:89,1
DA:91,1
DA:93,1
DA:97,1
DA:100,2
DA:101,2
DA:105,2
DA:107,2
DA:108,1
DA:112,1
DA:116,1
LF:46
LH:45
BRDA:17,0,0,1
BRDA:17,0,1,1
BRDA:22,1,0,2
BRDA:22,1,1,1
BRDA:22,2,0,0
BRDA:22,2,1,2
BRDA:22,3,0,2
BRDA:22,3,1,2
BRDA:22,4,0,0
BRDA:22,4,1,2
BRDA:22,5,0,2
BRDA:22,5,1,2
BRDA:29,6,0,1
BRDA:29,6,1,1
BRDA:40,7,0,1
BRDA:40,7,1,1
BRDA:55,8,0,1
BRDA:55,8,1,1
BRDA:57,9,0,0
BRDA:57,9,1,1
BRDA:58,10,0,1
BRDA:58,10,1,0
BRDA:64,11,0,0
BRDA:64,11,1,1
BRDA:79,12,0,0
BRDA:79,12,1,1
BRDA:82,13,0,0
BRDA:82,13,1,1
BRDA:87,14,0,0
BRDA:87,14,1,1
BRDA:91,15,0,0
BRDA:91,15,1,1
BRDA:101,16,0,0
BRDA:101,16,1,2
BRDA:107,17,0,1
BRDA:107,17,1,1
BRF:36
BRH:26
end_of_record
TN:
SF:src/startup/config.ts
FN:3,initConfig
FNF:1
FNH:1
FNDA:1,initConfig
DA:1,1
DA:3,1
DA:4,1
DA:5,0
DA:8,1
DA:9,0
LF:6
LH:4
BRDA:4,0,0,0
BRDA:4,0,1,1
BRDA:8,1,0,0
BRDA:8,1,1,1
BRF:4
BRH:2
end_of_record
TN:
SF:src/startup/db.ts
FN:7,(anonymous_8)
FN:7,(anonymous_9)
FN:31,(anonymous_10)
FN:31,(anonymous_11)
FNF:4
FNH:4
FNDA:2,(anonymous_8)
FNDA:2,(anonymous_9)
FNDA:1,(anonymous_10)
FNDA:1,(anonymous_11)
DA:2,1
DA:3,1
DA:4,1
DA:6,1
DA:7,2
DA:8,2
DA:9,2
DA:10,2
DA:11,2
DA:19,2
DA:20,2
DA:22,2
DA:25,0
DA:26,0
DA:27,0
DA:31,1
DA:32,1
LF:17
LH:14
BRDA:19,0,0,2
BRDA:19,0,1,0
BRF:2
BRH:1
end_of_record
TN:
SF:src/startup/init.ts
FN:15,init
FN:37,(anonymous_2)
FNF:2
FNH:1
FNDA:2,init
FNDA:0,(anonymous_2)
DA:2,1
DA:3,1
DA:4,1
DA:5,1
DA:6,1
DA:7,1
DA:8,1
DA:9,1
DA:12,1
DA:15,1
DA:18,2
DA:26,2
DA:28,2
DA:29,2
DA:30,2
DA:34,2
DA:35,2
DA:37,2
DA:38,0
LF:19
LH:18
BRF:0
BRH:0
end_of_record
TN:
SF:src/startup/logging.ts
FN:5,(anonymous_1)
FN:13,(anonymous_2)
FN:21,(anonymous_3)
FNF:3
FNH:1
FNDA:2,(anonymous_1)
FNDA:0,(anonymous_2)
FNDA:0,(anonymous_3)
DA:1,1
DA:2,1
DA:3,1
DA:5,1
DA:6,2
DA:13,2
DA:14,0
DA:15,0
DA:17,0
DA:21,2
DA:22,0
DA:23,0
DA:25,0
LF:13
LH:7
BRDA:14,0,0,0
BRDA:14,0,1,0
BRDA:22,1,0,0
BRDA:22,1,1,0
BRF:4
BRH:0
end_of_record
TN:
SF:src/startup/routes.ts
FN:5,(anonymous_7)
FN:5,(anonymous_8)
FNF:2
FNH:2
FNDA:2,(anonymous_7)
FNDA:2,(anonymous_8)
DA:1,1
DA:3,1
DA:5,2
DA:6,2
DA:8,2
LF:5
LH:5
BRF:0
BRH:0
end_of_record
TN:
SF:src/utils/functions/empty-object-function.ts
FN:3,isEmpty
FNF:1
FNH:1
FNDA:3,isEmpty
DA:3,1
DA:4,3
LF:2
LH:2
BRDA:4,0,0,3
BRDA:4,0,1,1
BRF:2
BRH:2
end_of_record
TN:
SF:src/utils/functions/query-validator-function.ts
FN:8,(anonymous_1)
FN:10,(anonymous_2)
FN:13,parseLiteral
FN:24,(anonymous_4)
FN:35,(anonymous_5)
FNF:5
FNH:0
FNDA:0,(anonymous_1)
FNDA:0,(anonymous_2)
FNDA:0,parseLiteral
FNDA:0,(anonymous_4)
FNDA:0,(anonymous_5)
DA:1,1
DA:2,1
DA:4,1
DA:5,1
DA:8,0
DA:10,0
DA:14,0
DA:17,0
DA:20,0
DA:22,0
DA:24,0
DA:25,0
DA:26,0
DA:29,0
DA:31,0
DA:35,1
DA:36,0
DA:45,0
DA:47,0
DA:50,1
LF:20
LH:6
BRDA:15,0,0,0
BRDA:15,0,1,0
BRDA:15,0,2,0
BRDA:15,0,3,0
BRDA:15,0,4,0
BRDA:15,0,5,0
BRDA:15,0,6,0
BRDA:15,0,7,0
BRDA:47,1,0,0
BRDA:47,1,1,0
BRF:10
BRH:0
end_of_record
TN:
SF:src/utils/functions/select-functions.ts
FNF:0
FNH:0
DA:1,1
DA:4,1
LF:2
LH:2
BRF:0
BRH:0
end_of_record
